[0m[[0m[0mdebug[0m] [0m[0mjavaOptions: Vector()[0m
[0m[[0m[0mdebug[0m] [0m[0mForking tests - parallelism = false[0m
[0m[[0m[0mdebug[0m] [0m[0mCreate a single-thread test executor[0m
[0m[[0m[0mdebug[0m] [0m[0mRunner for com.novocode.junit.JUnitFramework produced 1 initial tasks for 1 tests.[0m
[0m[[0m[0mdebug[0m] [0m[0m  Running TaskDef(funsets.FunSetSuite, sbt.ForkMain$AnnotatedFingerscan@a5f33e6, false, [SuiteSelector])[0m
[0m[[0m[0minfo[0m] [0m[0m[34mTest run started[0m[0m
[0m[[0m[0minfo[0m] [0m[0mTest funsets.[33mFunSetSuite[0m.[36mintersect contains common elements of each set[0m started[0m
[0m[[0m[0mdebug[0m] [0m[0mTest funsets.[33mFunSetSuite[0m.[36mintersect contains common elements of each set[0m finished, took 0.079 sec[0m
[0m[[0m[0minfo[0m] [0m[0mTest funsets.[33mFunSetSuite[0m.[36mexist works[0m started[0m
[0m[[0m[0mdebug[0m] [0m[0mTest funsets.[33mFunSetSuite[0m.[36mexist works[0m finished, took 0.005 sec[0m
[0m[[0m[0minfo[0m] [0m[0mTest funsets.[33mFunSetSuite[0m.[36mdiff contains elems in s not in t[0m started[0m
[0m[[0m[0mdebug[0m] [0m[0mTest funsets.[33mFunSetSuite[0m.[36mdiff contains elems in s not in t[0m finished, took 0.002 sec[0m
[0m[[0m[0minfo[0m] [0m[0mTest funsets.[33mFunSetSuite[0m.[36mforall works[0m started[0m
[0m[[0m[0mdebug[0m] [0m[0mTest funsets.[33mFunSetSuite[0m.[36mforall works[0m finished, took 0.003 sec[0m
[0m[[0m[0minfo[0m] [0m[0mTest funsets.[33mFunSetSuite[0m.[36msingleton set one contains one[0m started[0m
[0m[[0m[0mdebug[0m] [0m[0mTest funsets.[33mFunSetSuite[0m.[36msingleton set one contains one[0m finished, took 0.001 sec[0m
[0m[[0m[0minfo[0m] [0m[0mTest funsets.[33mFunSetSuite[0m.[36munion contains all elements of each set[0m started[0m
[0m[[0m[0mdebug[0m] [0m[0mTest funsets.[33mFunSetSuite[0m.[36munion contains all elements of each set[0m finished, took 0.002 sec[0m
[0m[[0m[0minfo[0m] [0m[0mTest funsets.[33mFunSetSuite[0m.[36msingleton set one does not contain two[0m started[0m
[0m[[0m[0mdebug[0m] [0m[0mTest funsets.[33mFunSetSuite[0m.[36msingleton set one does not contain two[0m finished, took 0.002 sec[0m
[0m[[0m[0minfo[0m] [0m[0mTest funsets.[33mFunSetSuite[0m.[36mcontains is implemented[0m started[0m
[0m[[0m[0mdebug[0m] [0m[0mTest funsets.[33mFunSetSuite[0m.[36mcontains is implemented[0m finished, took 0.008 sec[0m
[0m[[0m[0minfo[0m] [0m[0mTest funsets.[33mFunSetSuite[0m.[36mmap works[0m started[0m
[0m[[0m[31merror[0m] [0m[0mTest funsets.[33mFunSetSuite[0m.[31mmap works[0m failed: java.lang.[31mAssertionError[0m: assertion failed: map 1, took 0.05 sec[0m
[0m[[0m[31merror[0m] [0m[0m    at scala.Predef$.assert(Predef.scala:282)[0m
[0m[[0m[31merror[0m] [0m[0m    at funsets.FunSetSuite$$anon$8.this([35mFunSetSuite.scala[0m:[33m130[0m)[0m
[0m[[0m[31merror[0m] [0m[0m    at funsets.FunSetSuite.map works([35mFunSetSuite.scala[0m:[33m124[0m)[0m
[0m[[0m[31merror[0m] [0m[0m    ...[0m
[0m[[0m[0mdebug[0m] [0m[0mTest funsets.[33mFunSetSuite[0m.[36mmap works[0m finished, took 0.053 sec[0m
[0m[[0m[0minfo[0m] [0m[0m[34mTest run finished: [0m[31m1 failed[0m[34m, [0m[34m0 ignored[0m[34m, 9 total, 0.232s[0m[0m
[0m[[0m[0mdebug[0m] [0m[0m    Produced 0 nested tasks and 9 events.[0m
[0m[[0m[0mdebug[0m] [0m[0mSummary for JUnit not available.[0m
[0m[[0m[31merror[0m] [0m[0mFailed: Total 9, Failed 1, Errors 0, Passed 8[0m
[0m[[0m[31merror[0m] [0m[0mFailed tests:[0m
[0m[[0m[31merror[0m] [0m[0m	funsets.FunSetSuite[0m
[0m[[0m[31merror[0m] [0m[0m(Test / [31mtest[0m) sbt.TestsFailedException: Tests unsuccessful[0m
