INFO  started: Metals version 0.8.3 in workspace '/Users/robyn/Desktop/example'
INFO  time: initialize in 0.37s
INFO  skipping build import with status 'Dismissed'
INFO  shutting down Metals
INFO  started: Metals version 0.8.3 in workspace '/Users/robyn/Documents/functional_scala/example'
INFO  time: initialize in 0.34s
WARN  no build target for: /Users/robyn/Documents/functional_scala/example/worksheet.scala
INFO  no build target: using presentation compiler with only scala-library
Apr 07, 2020 10:20:21 PM org.eclipse.lsp4j.jsonrpc.RemoteEndpoint handleCancellation
WARNING: Unmatched cancel notification for request id 6
Apr 07, 2020 10:20:21 PM org.eclipse.lsp4j.jsonrpc.RemoteEndpoint handleCancellation
WARNING: Unmatched cancel notification for request id 7
WARN  no build target for: /Users/robyn/Documents/functional_scala/example/worksheet.scala
INFO  skipping build import with status 'Requested'
WARN  code navigation does not work for the file '/Users/robyn/Documents/functional_scala/example/worksheet.scala' because it doesn't belong to a build target.
WARN  code navigation does not work for the file '/Users/robyn/Documents/functional_scala/example/worksheet.scala' because it doesn't belong to a build target.
Apr 07, 2020 10:21:00 PM org.eclipse.lsp4j.jsonrpc.RemoteEndpoint fallbackResponseError
SEVERE: Internal error: java.lang.StringIndexOutOfBoundsException: String index out of range: -1
java.util.concurrent.CompletionException: java.lang.StringIndexOutOfBoundsException: String index out of range: -1
	at java.util.concurrent.CompletableFuture.encodeThrowable(CompletableFuture.java:292)
	at java.util.concurrent.CompletableFuture.completeThrowable(CompletableFuture.java:308)
	at java.util.concurrent.CompletableFuture.uniAccept(CompletableFuture.java:661)
	at java.util.concurrent.CompletableFuture$UniAccept.tryFire(CompletableFuture.java:646)
	at java.util.concurrent.CompletableFuture.postComplete(CompletableFuture.java:488)
	at java.util.concurrent.CompletableFuture.completeExceptionally(CompletableFuture.java:1990)
	at scala.meta.internal.metals.CancelTokens$.$anonfun$future$1(CancelTokens.scala:38)
	at scala.meta.internal.metals.CancelTokens$.$anonfun$future$1$adapted(CancelTokens.scala:36)
	at scala.concurrent.impl.CallbackRunnable.run(Promise.scala:64)
	at java.util.concurrent.ThreadPoolExecutor.runWorker(ThreadPoolExecutor.java:1149)
	at java.util.concurrent.ThreadPoolExecutor$Worker.run(ThreadPoolExecutor.java:624)
	at java.lang.Thread.run(Thread.java:748)
Caused by: java.lang.StringIndexOutOfBoundsException: String index out of range: -1
	at java.lang.String.charAt(String.java:658)
	at scala.collection.immutable.StringOps$.apply$extension(StringOps.scala:41)
	at scala.meta.internal.metals.MetalsEnrichments$XtensionString.lastIndexBetween(MetalsEnrichments.scala:408)
	at scala.meta.internal.metals.MultilineStringFormattingProvider.pipeInScope(MultilineStringFormattingProvider.scala:93)
	at scala.meta.internal.metals.MultilineStringFormattingProvider.$anonfun$withToken$1(MultilineStringFormattingProvider.scala:139)
	at scala.concurrent.Future$.$anonfun$apply$1(Future.scala:659)
	at scala.util.Success.$anonfun$map$1(Try.scala:255)
	at scala.util.Success.map(Try.scala:213)
	at scala.concurrent.Future.$anonfun$map$1(Future.scala:292)
	at scala.concurrent.impl.Promise.liftedTree1$1(Promise.scala:33)
	at scala.concurrent.impl.Promise.$anonfun$transform$1(Promise.scala:33)
	... 4 more

WARN  no build target for: /Users/robyn/Documents/functional_scala/example/worksheet.scala
INFO  skipping build import with status 'Dismissed'
WARN  no build target for: /Users/robyn/Documents/functional_scala/example/worksheet.scala
INFO  skipping build import with status 'Dismissed'
WARN  no build target for: /Users/robyn/Documents/functional_scala/example/worksheet.scala
INFO  skipping build import with status 'Dismissed'
WARN  no build target for: /Users/robyn/Documents/functional_scala/example/worksheet.scala
INFO  skipping build import with status 'Dismissed'
WARN  code navigation does not work for the file '/Users/robyn/Documents/functional_scala/example/worksheet.scala' because it doesn't belong to a build target.
WARN  code navigation does not work for the file '/Users/robyn/Documents/functional_scala/example/worksheet.scala' because it doesn't belong to a build target.
WARN  code navigation does not work for the file '/Users/robyn/Documents/functional_scala/example/worksheet.scala' because it doesn't belong to a build target.
WARN  code navigation does not work for the file '/Users/robyn/Documents/functional_scala/example/worksheet.scala' because it doesn't belong to a build target.
WARN  no build target for: /Users/robyn/Documents/functional_scala/example/worksheet.scala
INFO  skipping build import with status 'Dismissed'
WARN  no build target for: /Users/robyn/Documents/functional_scala/example/worksheet.scala
INFO  skipping build import with status 'Dismissed'
WARN  no build target for: /Users/robyn/Documents/functional_scala/example/worksheet.scala
INFO  skipping build import with status 'Dismissed'
WARN  no build target for: /Users/robyn/Documents/functional_scala/example/worksheet.scala
INFO  skipping build import with status 'Dismissed'
WARN  no build target for: /Users/robyn/Documents/functional_scala/example/worksheet.scala
INFO  skipping build import with status 'Dismissed'
WARN  code navigation does not work for the file '/Users/robyn/Documents/functional_scala/example/worksheet.scala' because it doesn't belong to a build target.
WARN  code navigation does not work for the file '/Users/robyn/Documents/functional_scala/example/worksheet.scala' because it doesn't belong to a build target.
WARN  no build target for: /Users/robyn/Documents/functional_scala/example/worksheet.scala
INFO  skipping build import with status 'Dismissed'
WARN  no build target for: /Users/robyn/Documents/functional_scala/example/worksheet.scala
INFO  skipping build import with status 'Dismissed'
WARN  no build target for: /Users/robyn/Documents/functional_scala/example/worksheet.scala
INFO  skipping build import with status 'Dismissed'
WARN  no build target for: /Users/robyn/Documents/functional_scala/example/src/worksheet.scala
WARN  code navigation does not work for the file '/Users/robyn/Documents/functional_scala/example/src/worksheet.scala' because it doesn't belong to a build target.
WARN  code navigation does not work for the file '/Users/robyn/Documents/functional_scala/example/src/worksheet.scala' because it doesn't belong to a build target.
WARN  code navigation does not work for the file '/Users/robyn/Documents/functional_scala/example/src/worksheet.scala' because it doesn't belong to a build target.
WARN  code navigation does not work for the file '/Users/robyn/Documents/functional_scala/example/src/worksheet.scala' because it doesn't belong to a build target.
Apr 07, 2020 10:31:41 PM org.eclipse.lsp4j.jsonrpc.RemoteEndpoint fallbackResponseError
SEVERE: Internal error: java.lang.StringIndexOutOfBoundsException: String index out of range: -1
java.util.concurrent.CompletionException: java.lang.StringIndexOutOfBoundsException: String index out of range: -1
	at java.util.concurrent.CompletableFuture.encodeThrowable(CompletableFuture.java:292)
	at java.util.concurrent.CompletableFuture.completeThrowable(CompletableFuture.java:308)
	at java.util.concurrent.CompletableFuture.uniAccept(CompletableFuture.java:661)
	at java.util.concurrent.CompletableFuture$UniAccept.tryFire(CompletableFuture.java:646)
	at java.util.concurrent.CompletableFuture.postComplete(CompletableFuture.java:488)
	at java.util.concurrent.CompletableFuture.completeExceptionally(CompletableFuture.java:1990)
	at scala.meta.internal.metals.CancelTokens$.$anonfun$future$1(CancelTokens.scala:38)
	at scala.meta.internal.metals.CancelTokens$.$anonfun$future$1$adapted(CancelTokens.scala:36)
	at scala.concurrent.impl.CallbackRunnable.run(Promise.scala:64)
	at java.util.concurrent.ThreadPoolExecutor.runWorker(ThreadPoolExecutor.java:1149)
	at java.util.concurrent.ThreadPoolExecutor$Worker.run(ThreadPoolExecutor.java:624)
	at java.lang.Thread.run(Thread.java:748)
Caused by: java.lang.StringIndexOutOfBoundsException: String index out of range: -1
	at java.lang.String.charAt(String.java:658)
	at scala.collection.immutable.StringOps$.apply$extension(StringOps.scala:41)
	at scala.meta.internal.metals.MetalsEnrichments$XtensionString.lastIndexBetween(MetalsEnrichments.scala:408)
	at scala.meta.internal.metals.MultilineStringFormattingProvider.pipeInScope(MultilineStringFormattingProvider.scala:93)
	at scala.meta.internal.metals.MultilineStringFormattingProvider.$anonfun$withToken$1(MultilineStringFormattingProvider.scala:139)
	at scala.concurrent.Future$.$anonfun$apply$1(Future.scala:659)
	at scala.util.Success.$anonfun$map$1(Try.scala:255)
	at scala.util.Success.map(Try.scala:213)
	at scala.concurrent.Future.$anonfun$map$1(Future.scala:292)
	at scala.concurrent.impl.Promise.liftedTree1$1(Promise.scala:33)
	at scala.concurrent.impl.Promise.$anonfun$transform$1(Promise.scala:33)
	... 4 more

WARN  no build target for: /Users/robyn/Documents/functional_scala/example/src/worksheet.scala
WARN  code navigation does not work for the file '/Users/robyn/Documents/functional_scala/example/src/worksheet.scala' because it doesn't belong to a build target.
WARN  code navigation does not work for the file '/Users/robyn/Documents/functional_scala/example/src/worksheet.scala' because it doesn't belong to a build target.
WARN  code navigation does not work for the file '/Users/robyn/Documents/functional_scala/example/src/worksheet.scala' because it doesn't belong to a build target.
WARN  code navigation does not work for the file '/Users/robyn/Documents/functional_scala/example/src/worksheet.scala' because it doesn't belong to a build target.
WARN  code navigation does not work for the file '/Users/robyn/Documents/functional_scala/example/src/worksheet.scala' because it doesn't belong to a build target.
WARN  code navigation does not work for the file '/Users/robyn/Documents/functional_scala/example/src/worksheet.scala' because it doesn't belong to a build target.
WARN  no build target for: /Users/robyn/Documents/functional_scala/example/src/worksheet.scala
Apr 07, 2020 10:33:50 PM org.eclipse.lsp4j.jsonrpc.services.GenericEndpoint notify
INFO: Unsupported notification method: $/setTraceNotification
WARN  code navigation does not work for the file '/Users/robyn/Documents/functional_scala/example/src/worksheet.scala' because it doesn't belong to a build target.
WARN  code navigation does not work for the file '/Users/robyn/Documents/functional_scala/example/src/worksheet.scala' because it doesn't belong to a build target.
WARN  code navigation does not work for the file '/Users/robyn/Documents/functional_scala/example/src/worksheet.scala' because it doesn't belong to a build target.
WARN  code navigation does not work for the file '/Users/robyn/Documents/functional_scala/example/src/worksheet.scala' because it doesn't belong to a build target.
WARN  code navigation does not work for the file '/Users/robyn/Documents/functional_scala/example/src/worksheet.scala' because it doesn't belong to a build target.
WARN  code navigation does not work for the file '/Users/robyn/Documents/functional_scala/example/src/worksheet.scala' because it doesn't belong to a build target.
WARN  code navigation does not work for the file '/Users/robyn/Documents/functional_scala/example/src/worksheet.scala' because it doesn't belong to a build target.
WARN  code navigation does not work for the file '/Users/robyn/Documents/functional_scala/example/src/worksheet.scala' because it doesn't belong to a build target.
WARN  no build target for: /Users/robyn/Documents/functional_scala/example/src/worksheet.scala
WARN  code navigation does not work for the file '/Users/robyn/Documents/functional_scala/example/src/worksheet.scala' because it doesn't belong to a build target.
WARN  code navigation does not work for the file '/Users/robyn/Documents/functional_scala/example/src/worksheet.scala' because it doesn't belong to a build target.
WARN  code navigation does not work for the file '/Users/robyn/Documents/functional_scala/example/src/worksheet.scala' because it doesn't belong to a build target.
WARN  code navigation does not work for the file '/Users/robyn/Documents/functional_scala/example/src/worksheet.scala' because it doesn't belong to a build target.
WARN  code navigation does not work for the file '/Users/robyn/Documents/functional_scala/example/src/worksheet.scala' because it doesn't belong to a build target.
WARN  code navigation does not work for the file '/Users/robyn/Documents/functional_scala/example/src/worksheet.scala' because it doesn't belong to a build target.
WARN  code navigation does not work for the file '/Users/robyn/Documents/functional_scala/example/src/worksheet.scala' because it doesn't belong to a build target.
WARN  code navigation does not work for the file '/Users/robyn/Documents/functional_scala/example/src/worksheet.scala' because it doesn't belong to a build target.
WARN  code navigation does not work for the file '/Users/robyn/Documents/functional_scala/example/src/worksheet.scala' because it doesn't belong to a build target.
WARN  code navigation does not work for the file '/Users/robyn/Documents/functional_scala/example/src/worksheet.scala' because it doesn't belong to a build target.
WARN  no build target for: /Users/robyn/Documents/functional_scala/example/src/worksheet.scala
WARN  code navigation does not work for the file '/Users/robyn/Documents/functional_scala/example/src/worksheet.scala' because it doesn't belong to a build target.
WARN  code navigation does not work for the file '/Users/robyn/Documents/functional_scala/example/src/worksheet.scala' because it doesn't belong to a build target.
WARN  code navigation does not work for the file '/Users/robyn/Documents/functional_scala/example/src/worksheet.scala' because it doesn't belong to a build target.
WARN  code navigation does not work for the file '/Users/robyn/Documents/functional_scala/example/src/worksheet.scala' because it doesn't belong to a build target.
WARN  code navigation does not work for the file '/Users/robyn/Documents/functional_scala/example/src/worksheet.scala' because it doesn't belong to a build target.
WARN  code navigation does not work for the file '/Users/robyn/Documents/functional_scala/example/src/worksheet.scala' because it doesn't belong to a build target.
WARN  no build target for: /Users/robyn/Documents/functional_scala/example/src/worksheet.scala
WARN  code navigation does not work for the file '/Users/robyn/Documents/functional_scala/example/src/worksheet.scala' because it doesn't belong to a build target.
WARN  code navigation does not work for the file '/Users/robyn/Documents/functional_scala/example/src/worksheet.scala' because it doesn't belong to a build target.
WARN  no build target for: /Users/robyn/Documents/functional_scala/example/src/worksheet.scala
WARN  code navigation does not work for the file '/Users/robyn/Documents/functional_scala/example/src/worksheet.scala' because it doesn't belong to a build target.
WARN  code navigation does not work for the file '/Users/robyn/Documents/functional_scala/example/src/worksheet.scala' because it doesn't belong to a build target.
WARN  code navigation does not work for the file '/Users/robyn/Documents/functional_scala/example/src/worksheet.scala' because it doesn't belong to a build target.
WARN  code navigation does not work for the file '/Users/robyn/Documents/functional_scala/example/src/worksheet.scala' because it doesn't belong to a build target.
WARN  no build target for: /Users/robyn/Documents/functional_scala/example/src/worksheet.scala
WARN  code navigation does not work for the file '/Users/robyn/Documents/functional_scala/example/src/worksheet.scala' because it doesn't belong to a build target.
WARN  code navigation does not work for the file '/Users/robyn/Documents/functional_scala/example/src/worksheet.scala' because it doesn't belong to a build target.
WARN  code navigation does not work for the file '/Users/robyn/Documents/functional_scala/example/src/worksheet.scala' because it doesn't belong to a build target.
WARN  code navigation does not work for the file '/Users/robyn/Documents/functional_scala/example/src/worksheet.scala' because it doesn't belong to a build target.
WARN  no build target for: /Users/robyn/Documents/functional_scala/example/src/worksheet.scala
WARN  no build target for: /Users/robyn/Documents/functional_scala/example/src/worksheet.scala
WARN  no build target for: /Users/robyn/Documents/functional_scala/example/src/worksheet.scala
WARN  code navigation does not work for the file '/Users/robyn/Documents/functional_scala/example/src/worksheet.scala' because it doesn't belong to a build target.
WARN  code navigation does not work for the file '/Users/robyn/Documents/functional_scala/example/src/worksheet.scala' because it doesn't belong to a build target.
WARN  code navigation does not work for the file '/Users/robyn/Documents/functional_scala/example/src/worksheet.scala' because it doesn't belong to a build target.
WARN  code navigation does not work for the file '/Users/robyn/Documents/functional_scala/example/src/worksheet.scala' because it doesn't belong to a build target.
WARN  no build target for: /Users/robyn/Documents/functional_scala/example/src/worksheet.scala
WARN  code navigation does not work for the file '/Users/robyn/Documents/functional_scala/example/src/worksheet.scala' because it doesn't belong to a build target.
WARN  code navigation does not work for the file '/Users/robyn/Documents/functional_scala/example/src/worksheet.scala' because it doesn't belong to a build target.
WARN  code navigation does not work for the file '/Users/robyn/Documents/functional_scala/example/src/worksheet.scala' because it doesn't belong to a build target.
WARN  code navigation does not work for the file '/Users/robyn/Documents/functional_scala/example/src/worksheet.scala' because it doesn't belong to a build target.
WARN  no build target for: /Users/robyn/Documents/functional_scala/example/src/worksheet.scala
WARN  no build target for: /Users/robyn/Documents/functional_scala/example/src/worksheet.scala
WARN  no build target for: /Users/robyn/Documents/functional_scala/example/src/worksheet.scala
WARN  no build target for: /Users/robyn/Documents/functional_scala/example/src/worksheet.scala
WARN  code navigation does not work for the file '/Users/robyn/Documents/functional_scala/example/src/worksheet.scala' because it doesn't belong to a build target.
WARN  code navigation does not work for the file '/Users/robyn/Documents/functional_scala/example/src/worksheet.scala' because it doesn't belong to a build target.
WARN  code navigation does not work for the file '/Users/robyn/Documents/functional_scala/example/src/worksheet.scala' because it doesn't belong to a build target.
WARN  code navigation does not work for the file '/Users/robyn/Documents/functional_scala/example/src/worksheet.scala' because it doesn't belong to a build target.
Apr 07, 2020 10:43:51 PM scala.meta.internal.pc.CompilerAccess retryWithCleanCompiler
INFO: compiler crashed due to an error in the Scala compiler, retrying with new compiler instance.
Apr 07, 2020 10:43:51 PM scala.meta.internal.pc.CompilerAccess handleError
SEVERE: no context found for source-file:///Users/robyn/Documents/functional_scala/example/src/worksheet.scala,line-5,offset=78
scala.reflect.internal.FatalError: no context found for source-file:///Users/robyn/Documents/functional_scala/example/src/worksheet.scala,line-5,offset=78
	at scala.tools.nsc.interactive.CompilerControl.$anonfun$doLocateContext$1(CompilerControl.scala:100)
	at scala.tools.nsc.interactive.CompilerControl.doLocateContext(CompilerControl.scala:100)
	at scala.tools.nsc.interactive.CompilerControl.doLocateContext$(CompilerControl.scala:99)
	at scala.tools.nsc.interactive.Global.doLocateContext(Global.scala:113)
	at scala.meta.internal.pc.PcDefinitionProvider.definitionTypedTreeAt(PcDefinitionProvider.scala:94)
	at scala.meta.internal.pc.PcDefinitionProvider.definition(PcDefinitionProvider.scala:22)

WARN  no build target for: /Users/robyn/Documents/functional_scala/example/src/worksheet.scala
WARN  code navigation does not work for the file '/Users/robyn/Documents/functional_scala/example/src/worksheet.scala' because it doesn't belong to a build target.
WARN  code navigation does not work for the file '/Users/robyn/Documents/functional_scala/example/src/worksheet.scala' because it doesn't belong to a build target.
Apr 07, 2020 10:44:03 PM scala.meta.internal.pc.CompilerAccess retryWithCleanCompiler
INFO: compiler crashed due to an error in the Scala compiler, retrying with new compiler instance.
Apr 07, 2020 10:44:03 PM scala.meta.internal.pc.CompilerAccess handleError
SEVERE: no context found for source-file:///Users/robyn/Documents/functional_scala/example/src/worksheet.scala,line-3,offset=26
scala.reflect.internal.FatalError: no context found for source-file:///Users/robyn/Documents/functional_scala/example/src/worksheet.scala,line-3,offset=26
	at scala.tools.nsc.interactive.CompilerControl.$anonfun$doLocateContext$1(CompilerControl.scala:100)
	at scala.tools.nsc.interactive.CompilerControl.doLocateContext(CompilerControl.scala:100)
	at scala.tools.nsc.interactive.CompilerControl.doLocateContext$(CompilerControl.scala:99)
	at scala.tools.nsc.interactive.Global.doLocateContext(Global.scala:113)
	at scala.meta.internal.pc.PcDefinitionProvider.definitionTypedTreeAt(PcDefinitionProvider.scala:94)
	at scala.meta.internal.pc.PcDefinitionProvider.definition(PcDefinitionProvider.scala:22)

WARN  code navigation does not work for the file '/Users/robyn/Documents/functional_scala/example/src/worksheet.scala' because it doesn't belong to a build target.
WARN  code navigation does not work for the file '/Users/robyn/Documents/functional_scala/example/src/worksheet.scala' because it doesn't belong to a build target.
Apr 07, 2020 10:44:03 PM scala.meta.internal.pc.CompilerAccess retryWithCleanCompiler
INFO: compiler crashed due to an error in the Scala compiler, retrying with new compiler instance.
Apr 07, 2020 10:44:03 PM scala.meta.internal.pc.CompilerAccess handleError
SEVERE: no context found for source-file:///Users/robyn/Documents/functional_scala/example/src/worksheet.scala,line-3,offset=26
scala.reflect.internal.FatalError: no context found for source-file:///Users/robyn/Documents/functional_scala/example/src/worksheet.scala,line-3,offset=26
	at scala.tools.nsc.interactive.CompilerControl.$anonfun$doLocateContext$1(CompilerControl.scala:100)
	at scala.tools.nsc.interactive.CompilerControl.doLocateContext(CompilerControl.scala:100)
	at scala.tools.nsc.interactive.CompilerControl.doLocateContext$(CompilerControl.scala:99)
	at scala.tools.nsc.interactive.Global.doLocateContext(Global.scala:113)
	at scala.meta.internal.pc.PcDefinitionProvider.definitionTypedTreeAt(PcDefinitionProvider.scala:94)
	at scala.meta.internal.pc.PcDefinitionProvider.definition(PcDefinitionProvider.scala:22)

WARN  code navigation does not work for the file '/Users/robyn/Documents/functional_scala/example/src/worksheet.scala' because it doesn't belong to a build target.
WARN  code navigation does not work for the file '/Users/robyn/Documents/functional_scala/example/src/worksheet.scala' because it doesn't belong to a build target.
WARN  code navigation does not work for the file '/Users/robyn/Documents/functional_scala/example/src/worksheet.scala' because it doesn't belong to a build target.
WARN  code navigation does not work for the file '/Users/robyn/Documents/functional_scala/example/src/worksheet.scala' because it doesn't belong to a build target.
WARN  code navigation does not work for the file '/Users/robyn/Documents/functional_scala/example/src/worksheet.scala' because it doesn't belong to a build target.
WARN  code navigation does not work for the file '/Users/robyn/Documents/functional_scala/example/src/worksheet.scala' because it doesn't belong to a build target.
WARN  code navigation does not work for the file '/Users/robyn/Documents/functional_scala/example/src/worksheet.scala' because it doesn't belong to a build target.
WARN  code navigation does not work for the file '/Users/robyn/Documents/functional_scala/example/src/worksheet.scala' because it doesn't belong to a build target.
WARN  code navigation does not work for the file '/Users/robyn/Documents/functional_scala/example/src/worksheet.scala' because it doesn't belong to a build target.
WARN  code navigation does not work for the file '/Users/robyn/Documents/functional_scala/example/src/worksheet.scala' because it doesn't belong to a build target.
WARN  code navigation does not work for the file '/Users/robyn/Documents/functional_scala/example/src/worksheet.scala' because it doesn't belong to a build target.
WARN  code navigation does not work for the file '/Users/robyn/Documents/functional_scala/example/src/worksheet.scala' because it doesn't belong to a build target.
WARN  code navigation does not work for the file '/Users/robyn/Documents/functional_scala/example/src/worksheet.scala' because it doesn't belong to a build target.
WARN  code navigation does not work for the file '/Users/robyn/Documents/functional_scala/example/src/worksheet.scala' because it doesn't belong to a build target.
WARN  no build target for: /Users/robyn/Documents/functional_scala/example/src/worksheet.scala
WARN  no build target for: /Users/robyn/Documents/functional_scala/example/src/worksheet.scala
WARN  no build target for: /Users/robyn/Documents/functional_scala/example/src/worksheet.scala
WARN  no build target for: /Users/robyn/Documents/functional_scala/example/src/worksheet.scala
WARN  code navigation does not work for the file '/Users/robyn/Documents/functional_scala/example/src/worksheet.scala' because it doesn't belong to a build target.
WARN  code navigation does not work for the file '/Users/robyn/Documents/functional_scala/example/src/worksheet.scala' because it doesn't belong to a build target.
WARN  code navigation does not work for the file '/Users/robyn/Documents/functional_scala/example/src/worksheet.scala' because it doesn't belong to a build target.
WARN  code navigation does not work for the file '/Users/robyn/Documents/functional_scala/example/src/worksheet.scala' because it doesn't belong to a build target.
WARN  no build target for: /Users/robyn/Documents/functional_scala/example/src/worksheet.scala
WARN  no build target for: /Users/robyn/Documents/functional_scala/example/src/main/scala/example/Lists.scala
WARN  no build target for: /Users/robyn/Documents/functional_scala/example/src/worksheet.scala
WARN  no build target for: /Users/robyn/Documents/functional_scala/example/src/worksheet.scala
WARN  code navigation does not work for the file '/Users/robyn/Documents/functional_scala/example/src/worksheet.scala' because it doesn't belong to a build target.
WARN  code navigation does not work for the file '/Users/robyn/Documents/functional_scala/example/src/worksheet.scala' because it doesn't belong to a build target.
WARN  no build target for: /Users/robyn/Documents/functional_scala/example/src/worksheet.scala
WARN  no build target for: /Users/robyn/Documents/functional_scala/example/src/worksheet2.scala
WARN  no build target for: /Users/robyn/Documents/functional_scala/example/src/worksheet2.scala
WARN  no build target for: /Users/robyn/Documents/functional_scala/example/src/worksheet2.scala
Apr 07, 2020 10:46:16 PM org.eclipse.lsp4j.jsonrpc.RemoteEndpoint fallbackResponseError
SEVERE: Internal error: java.lang.StringIndexOutOfBoundsException: String index out of range: -1
java.util.concurrent.CompletionException: java.lang.StringIndexOutOfBoundsException: String index out of range: -1
	at java.util.concurrent.CompletableFuture.encodeThrowable(CompletableFuture.java:292)
	at java.util.concurrent.CompletableFuture.completeThrowable(CompletableFuture.java:308)
	at java.util.concurrent.CompletableFuture.uniAccept(CompletableFuture.java:661)
	at java.util.concurrent.CompletableFuture$UniAccept.tryFire(CompletableFuture.java:646)
	at java.util.concurrent.CompletableFuture.postComplete(CompletableFuture.java:488)
	at java.util.concurrent.CompletableFuture.completeExceptionally(CompletableFuture.java:1990)
	at scala.meta.internal.metals.CancelTokens$.$anonfun$future$1(CancelTokens.scala:38)
	at scala.meta.internal.metals.CancelTokens$.$anonfun$future$1$adapted(CancelTokens.scala:36)
	at scala.concurrent.impl.CallbackRunnable.run(Promise.scala:64)
	at java.util.concurrent.ThreadPoolExecutor.runWorker(ThreadPoolExecutor.java:1149)
	at java.util.concurrent.ThreadPoolExecutor$Worker.run(ThreadPoolExecutor.java:624)
	at java.lang.Thread.run(Thread.java:748)
Caused by: java.lang.StringIndexOutOfBoundsException: String index out of range: -1
	at java.lang.String.charAt(String.java:658)
	at scala.collection.immutable.StringOps$.apply$extension(StringOps.scala:41)
	at scala.meta.internal.metals.MetalsEnrichments$XtensionString.lastIndexBetween(MetalsEnrichments.scala:408)
	at scala.meta.internal.metals.MultilineStringFormattingProvider.pipeInScope(MultilineStringFormattingProvider.scala:93)
	at scala.meta.internal.metals.MultilineStringFormattingProvider.$anonfun$withToken$1(MultilineStringFormattingProvider.scala:139)
	at scala.concurrent.Future$.$anonfun$apply$1(Future.scala:659)
	at scala.util.Success.$anonfun$map$1(Try.scala:255)
	at scala.util.Success.map(Try.scala:213)
	at scala.concurrent.Future.$anonfun$map$1(Future.scala:292)
	at scala.concurrent.impl.Promise.liftedTree1$1(Promise.scala:33)
	at scala.concurrent.impl.Promise.$anonfun$transform$1(Promise.scala:33)
	... 4 more

WARN  no build target for: /Users/robyn/Documents/functional_scala/example/src/worksheet2.scala
WARN  no build target for: /Users/robyn/Documents/functional_scala/example/src/worksheet.scala
WARN  no build target for: /Users/robyn/Documents/functional_scala/example/src/worksheet2.scala
WARN  no build target for: /Users/robyn/Documents/functional_scala/example/src/worksheet2.scala
WARN  code navigation does not work for the file '/Users/robyn/Documents/functional_scala/example/src/worksheet2.scala' because it doesn't belong to a build target.
WARN  code navigation does not work for the file '/Users/robyn/Documents/functional_scala/example/src/worksheet2.scala' because it doesn't belong to a build target.
WARN  code navigation does not work for the file '/Users/robyn/Documents/functional_scala/example/src/worksheet.scala' because it doesn't belong to a build target.
WARN  code navigation does not work for the file '/Users/robyn/Documents/functional_scala/example/src/worksheet.scala' because it doesn't belong to a build target.
WARN  code navigation does not work for the file '/Users/robyn/Documents/functional_scala/example/src/worksheet.scala' because it doesn't belong to a build target.
WARN  code navigation does not work for the file '/Users/robyn/Documents/functional_scala/example/src/worksheet.scala' because it doesn't belong to a build target.
WARN  code navigation does not work for the file '/Users/robyn/Documents/functional_scala/example/src/worksheet.scala' because it doesn't belong to a build target.
WARN  code navigation does not work for the file '/Users/robyn/Documents/functional_scala/example/src/worksheet.scala' because it doesn't belong to a build target.
WARN  no build target for: /Users/robyn/Documents/functional_scala/example/src/worksheet.scala
WARN  code navigation does not work for the file '/Users/robyn/Documents/functional_scala/example/src/worksheet.scala' because it doesn't belong to a build target.
WARN  code navigation does not work for the file '/Users/robyn/Documents/functional_scala/example/src/worksheet.scala' because it doesn't belong to a build target.
WARN  no build target for: /Users/robyn/Documents/functional_scala/example/src/worksheet.scala
WARN  code navigation does not work for the file '/Users/robyn/Documents/functional_scala/example/src/worksheet.scala' because it doesn't belong to a build target.
WARN  code navigation does not work for the file '/Users/robyn/Documents/functional_scala/example/src/worksheet.scala' because it doesn't belong to a build target.
INFO  shutting down Metals
