<?xml version='1.0' encoding='UTF-8'?>
<testsuite hostname="Robyns-MacBook-Pro.local" name="funsets.FunSetSuite" tests="9" errors="0" failures="1" skipped="0" time="0.152" timestamp="2020-04-06T19:35:58">
                     <properties>
[...]
</properties>
                     <testcase classname="funsets.FunSetSuite" name="intersect contains common elements of each set" time="0.079">
                                                 
                                               </testcase><testcase classname="funsets.FunSetSuite" name="exist works" time="0.005">
                                                 
                                               </testcase><testcase classname="funsets.FunSetSuite" name="diff contains elems in s not in t" time="0.002">
                                                 
                                               </testcase><testcase classname="funsets.FunSetSuite" name="forall works" time="0.003">
                                                 
                                               </testcase><testcase classname="funsets.FunSetSuite" name="singleton set one contains one" time="0.001">
                                                 
                                               </testcase><testcase classname="funsets.FunSetSuite" name="union contains all elements of each set" time="0.002">
                                                 
                                               </testcase><testcase classname="funsets.FunSetSuite" name="singleton set one does not contain two" time="0.002">
                                                 
                                               </testcase><testcase classname="funsets.FunSetSuite" name="contains is implemented" time="0.008">
                                                 
                                               </testcase><testcase classname="funsets.FunSetSuite" name="map works" time="0.05">
                                                 <failure message="java.lang.AssertionError: assertion failed: map 1" type="sbt.ForkMain$ForkError">sbt.ForkMain$ForkError: java.lang.AssertionError: assertion failed: map 1
	at scala.Predef$.assert(Predef.scala:282)
	at funsets.FunSetSuite$$anon$8.&lt;init&gt;(FunSetSuite.scala:130)
	at funsets.FunSetSuite.map$u0020works(FunSetSuite.scala:124)
	at sun.reflect.NativeMethodAccessorImpl.invoke0(Native Method)
	at sun.reflect.NativeMethodAccessorImpl.invoke(NativeMethodAccessorImpl.java:62)
	at sun.reflect.DelegatingMethodAccessorImpl.invoke(DelegatingMethodAccessorImpl.java:43)
	at java.lang.reflect.Method.invoke(Method.java:498)
	at org.junit.runners.model.FrameworkMethod$1.runReflectiveCall(FrameworkMethod.java:47)
	at org.junit.internal.runners.model.ReflectiveCallable.run(ReflectiveCallable.java:12)
	at org.junit.runners.model.FrameworkMethod.invokeExplosively(FrameworkMethod.java:44)
	at org.junit.internal.runners.statements.InvokeMethod.evaluate(InvokeMethod.java:17)
	at org.junit.internal.runners.statements.FailOnTimeout$StatementThread.run(FailOnTimeout.java:74)
</failure>
                                               </testcase>
                     <system-out><![CDATA[]]></system-out>
                     <system-err><![CDATA[]]></system-err>
                   </testsuite>